# JRE version: Java(TM) SE Runtime Environment (9.0+181) (build 9+181)
# Java VM: Java HotSpot(TM) 64-Bit Server VM (9+181, mixed mode, tiered, compressed oops, g1 gc, bsd-amd64)
Heap:
 garbage-first heap   total 131072K, used 45587K [0x0000000740000000, 0x0000000740100400, 0x00000007c0000000)
  region size 1024K, 20 young (20480K), 4 survivors (4096K)
 Metaspace       used 30064K, capacity 32776K, committed 32944K, reserved 1077248K
  class space    used 3763K, capacity 4246K, committed 4272K, reserved 1048576K
GC Heap History (8 events):
Event: 1.067 GC heap before
{Heap before GC invocations=0 (full 0):
 garbage-first heap   total 131072K, used 14336K [0x0000000740000000, 0x0000000740100400, 0x00000007c0000000)
  region size 1024K, 14 young (14336K), 0 survivors (0K)
 Metaspace       used 11717K, capacity 12390K, committed 12416K, reserved 1060864K
  class space    used 1239K, capacity 1395K, committed 1408K, reserved 1048576K
}
Event: 1.071 GC heap after
{Heap after GC invocations=1 (full 0):
 garbage-first heap   total 131072K, used 2897K [0x0000000740000000, 0x0000000740100400, 0x00000007c0000000)
  region size 1024K, 2 young (2048K), 2 survivors (2048K)
 Metaspace       used 11717K, capacity 12390K, committed 12416K, reserved 1060864K
  class space    used 1239K, capacity 1395K, committed 1408K, reserved 1048576K
}
Event: 4.910 GC heap before
{Heap before GC invocations=1 (full 0):
 garbage-first heap   total 131072K, used 23377K [0x0000000740000000, 0x0000000740100400, 0x00000007c0000000)
  region size 1024K, 20 young (20480K), 2 survivors (2048K)
 Metaspace       used 19497K, capacity 21288K, committed 21296K, reserved 1067008K
  class space    used 2537K, capacity 2856K, committed 2864K, reserved 1048576K
}
Event: 4.918 GC heap after
{Heap after GC invocations=2 (full 0):
 garbage-first heap   total 131072K, used 8940K [0x0000000740000000, 0x0000000740100400, 0x00000007c0000000)
  region size 1024K, 5 young (5120K), 5 survivors (5120K)
 Metaspace       used 19497K, capacity 21288K, committed 21296K, reserved 1067008K
  class space    used 2537K, capacity 2856K, committed 2864K, reserved 1048576K
}
Event: 59.570 GC heap before
{Heap before GC invocations=3 (full 0):
 garbage-first heap   total 131072K, used 36588K [0x0000000740000000, 0x0000000740100400, 0x00000007c0000000)
  region size 1024K, 30 young (30720K), 5 survivors (5120K)
 Metaspace       used 28419K, capacity 31078K, committed 31408K, reserved 1077248K
  class space    used 3692K, capacity 4187K, committed 4272K, reserved 1048576K
}
Event: 59.586 GC heap after
{Heap after GC invocations=4 (full 0):
 garbage-first heap   total 131072K, used 17197K [0x0000000740000000, 0x0000000740100400, 0x00000007c0000000)
  region size 1024K, 4 young (4096K), 4 survivors (4096K)
 Metaspace       used 28419K, capacity 31078K, committed 31408K, reserved 1077248K
  class space    used 3692K, capacity 4187K, committed 4272K, reserved 1048576K
}
Event: 98.318 GC heap before
{Heap before GC invocations=4 (full 0):
 garbage-first heap   total 131072K, used 52013K [0x0000000740000000, 0x0000000740100400, 0x00000007c0000000)
  region size 1024K, 31 young (31744K), 4 survivors (4096K)
 Metaspace       used 29609K, capacity 32326K, committed 32432K, reserved 1077248K
  class space    used 3752K, capacity 4233K, committed 4272K, reserved 1048576K
}
Event: 98.325 GC heap after
{Heap after GC invocations=5 (full 0):
 garbage-first heap   total 131072K, used 30227K [0x0000000740000000, 0x0000000740100400, 0x00000007c0000000)
  region size 1024K, 4 young (4096K), 4 survivors (4096K)
 Metaspace       used 29609K, capacity 32326K, committed 32432K, reserved 1077248K
  class space    used 3752K, capacity 4233K, committed 4272K, reserved 1048576K
}

